{"C:\\Users\\anarvaez\\Desktop\\rondel\\src\\index.js": {"path":"C:\\Users\\anarvaez\\Desktop\\rondel\\src\\index.js","statementMap":{"0":{"start":{"line":3,"column":4},"end":{"line":3,"column":46}},"1":{"start":{"line":6,"column":20},"end":{"line":41,"column":3}},"2":{"start":{"line":8,"column":4},"end":{"line":13,"column":5}},"3":{"start":{"line":9,"column":6},"end":{"line":11,"column":8}},"4":{"start":{"line":12,"column":6},"end":{"line":12,"column":18}},"5":{"start":{"line":16,"column":64},"end":{"line":16,"column":73}},"6":{"start":{"line":18,"column":21},"end":{"line":39,"column":5}},"7":{"start":{"line":20,"column":8},"end":{"line":20,"column":80}},"8":{"start":{"line":20,"column":27},"end":{"line":20,"column":80}},"9":{"start":{"line":21,"column":8},"end":{"line":28,"column":9}},"10":{"start":{"line":22,"column":10},"end":{"line":24,"column":11}},"11":{"start":{"line":23,"column":12},"end":{"line":23,"column":61}},"12":{"start":{"line":25,"column":10},"end":{"line":27,"column":11}},"13":{"start":{"line":26,"column":12},"end":{"line":26,"column":58}},"14":{"start":{"line":31,"column":8},"end":{"line":31,"column":27}},"15":{"start":{"line":34,"column":8},"end":{"line":34,"column":20}},"16":{"start":{"line":37,"column":8},"end":{"line":37,"column":57}},"17":{"start":{"line":40,"column":4},"end":{"line":40,"column":36}}},"fnMap":{"0":{"name":"(anonymous_0)","decl":{"start":{"line":2,"column":2},"end":{"line":2,"column":3}},"loc":{"start":{"line":2,"column":16},"end":{"line":4,"column":3}},"line":2},"1":{"name":"(anonymous_1)","decl":{"start":{"line":6,"column":20},"end":{"line":6,"column":21}},"loc":{"start":{"line":6,"column":44},"end":{"line":41,"column":3}},"line":6},"2":{"name":"(anonymous_2)","decl":{"start":{"line":19,"column":11},"end":{"line":19,"column":12}},"loc":{"start":{"line":19,"column":34},"end":{"line":35,"column":7}},"line":19},"3":{"name":"(anonymous_3)","decl":{"start":{"line":36,"column":11},"end":{"line":36,"column":12}},"loc":{"start":{"line":36,"column":27},"end":{"line":38,"column":7}},"line":36}},"branchMap":{"0":{"loc":{"start":{"line":8,"column":4},"end":{"line":13,"column":5}},"type":"if","locations":[{"start":{"line":8,"column":4},"end":{"line":13,"column":5}},{"start":{"line":8,"column":4},"end":{"line":13,"column":5}}],"line":8},"1":{"loc":{"start":{"line":8,"column":8},"end":{"line":8,"column":64}},"type":"binary-expr","locations":[{"start":{"line":8,"column":8},"end":{"line":8,"column":31}},{"start":{"line":8,"column":35},"end":{"line":8,"column":64}}],"line":8},"2":{"loc":{"start":{"line":16,"column":12},"end":{"line":16,"column":44}},"type":"default-arg","locations":[{"start":{"line":16,"column":28},"end":{"line":16,"column":44}}],"line":16},"3":{"loc":{"start":{"line":20,"column":8},"end":{"line":20,"column":80}},"type":"if","locations":[{"start":{"line":20,"column":8},"end":{"line":20,"column":80}},{"start":{"line":20,"column":8},"end":{"line":20,"column":80}}],"line":20},"4":{"loc":{"start":{"line":21,"column":8},"end":{"line":28,"column":9}},"type":"if","locations":[{"start":{"line":21,"column":8},"end":{"line":28,"column":9}},{"start":{"line":21,"column":8},"end":{"line":28,"column":9}}],"line":21},"5":{"loc":{"start":{"line":22,"column":10},"end":{"line":24,"column":11}},"type":"if","locations":[{"start":{"line":22,"column":10},"end":{"line":24,"column":11}},{"start":{"line":22,"column":10},"end":{"line":24,"column":11}}],"line":22},"6":{"loc":{"start":{"line":25,"column":10},"end":{"line":27,"column":11}},"type":"if","locations":[{"start":{"line":25,"column":10},"end":{"line":27,"column":11}},{"start":{"line":25,"column":10},"end":{"line":27,"column":11}}],"line":25},"7":{"loc":{"start":{"line":37,"column":15},"end":{"line":37,"column":56}},"type":"cond-expr","locations":[{"start":{"line":37,"column":30},"end":{"line":37,"column":40}},{"start":{"line":37,"column":43},"end":{"line":37,"column":56}}],"line":37}},"s":{"0":1,"1":1,"2":4,"3":0,"4":0,"5":4,"6":4,"7":1,"8":0,"9":1,"10":1,"11":0,"12":1,"13":1,"14":0,"15":0,"16":5,"17":4},"f":{"0":1,"1":4,"2":1,"3":5},"b":{"0":[0,4],"1":[4,4],"2":[1],"3":[0,1],"4":[1,0],"5":[0,1],"6":[1,0],"7":[1,4]},"_coverageSchema":"43e27e138ebf9cfc5966b082cf9a028302ed4184","hash":"854feefd3e8e2b4c5f3d26b15255be6c7f4994d7"}
}
