{"C:\\Users\\anarvaez\\Desktop\\rondel\\src\\index.js": {"path":"C:\\Users\\anarvaez\\Desktop\\rondel\\src\\index.js","statementMap":{"0":{"start":{"line":4,"column":20},"end":{"line":24,"column":3}},"1":{"start":{"line":6,"column":4},"end":{"line":9,"column":8}},"2":{"start":{"line":7,"column":6},"end":{"line":9,"column":8}},"3":{"start":{"line":12,"column":64},"end":{"line":12,"column":73}},"4":{"start":{"line":14,"column":21},"end":{"line":22,"column":5}},"5":{"start":{"line":16,"column":8},"end":{"line":17,"column":74}},"6":{"start":{"line":17,"column":10},"end":{"line":17,"column":74}},"7":{"start":{"line":20,"column":8},"end":{"line":20,"column":57}},"8":{"start":{"line":23,"column":4},"end":{"line":23,"column":36}}},"fnMap":{"0":{"name":"(anonymous_0)","decl":{"start":{"line":2,"column":2},"end":{"line":2,"column":3}},"loc":{"start":{"line":2,"column":16},"end":{"line":2,"column":18}},"line":2},"1":{"name":"(anonymous_1)","decl":{"start":{"line":4,"column":20},"end":{"line":4,"column":21}},"loc":{"start":{"line":4,"column":44},"end":{"line":24,"column":3}},"line":4},"2":{"name":"(anonymous_2)","decl":{"start":{"line":15,"column":11},"end":{"line":15,"column":12}},"loc":{"start":{"line":15,"column":19},"end":{"line":18,"column":7}},"line":15},"3":{"name":"(anonymous_3)","decl":{"start":{"line":19,"column":11},"end":{"line":19,"column":12}},"loc":{"start":{"line":19,"column":27},"end":{"line":21,"column":7}},"line":19}},"branchMap":{"0":{"loc":{"start":{"line":6,"column":4},"end":{"line":9,"column":8}},"type":"if","locations":[{"start":{"line":6,"column":4},"end":{"line":9,"column":8}},{"start":{"line":6,"column":4},"end":{"line":9,"column":8}}],"line":6},"1":{"loc":{"start":{"line":6,"column":8},"end":{"line":6,"column":64}},"type":"binary-expr","locations":[{"start":{"line":6,"column":8},"end":{"line":6,"column":31}},{"start":{"line":6,"column":35},"end":{"line":6,"column":64}}],"line":6},"2":{"loc":{"start":{"line":12,"column":12},"end":{"line":12,"column":44}},"type":"default-arg","locations":[{"start":{"line":12,"column":28},"end":{"line":12,"column":44}}],"line":12},"3":{"loc":{"start":{"line":16,"column":8},"end":{"line":17,"column":74}},"type":"if","locations":[{"start":{"line":16,"column":8},"end":{"line":17,"column":74}},{"start":{"line":16,"column":8},"end":{"line":17,"column":74}}],"line":16},"4":{"loc":{"start":{"line":20,"column":15},"end":{"line":20,"column":56}},"type":"cond-expr","locations":[{"start":{"line":20,"column":30},"end":{"line":20,"column":40}},{"start":{"line":20,"column":43},"end":{"line":20,"column":56}}],"line":20}},"s":{"0":1,"1":7,"2":1,"3":6,"4":6,"5":1,"6":1,"7":7,"8":6},"f":{"0":1,"1":7,"2":1,"3":7},"b":{"0":[1,6],"1":[7,6],"2":[2],"3":[1,0],"4":[1,6]},"_coverageSchema":"43e27e138ebf9cfc5966b082cf9a028302ed4184","hash":"65e5a90f50548786c8fd8638a9316ea03c0e4618"}
}
