TN:
SF:C:\Users\anarvaez\Desktop\rondel\src\index.js
FN:2,(anonymous_0)
FN:6,(anonymous_1)
FN:19,(anonymous_2)
FN:36,(anonymous_3)
FNF:4
FNH:4
FNDA:1,(anonymous_0)
FNDA:4,(anonymous_1)
FNDA:1,(anonymous_2)
FNDA:5,(anonymous_3)
DA:3,1
DA:6,1
DA:8,4
DA:9,0
DA:12,0
DA:16,4
DA:18,4
DA:20,1
DA:21,1
DA:22,1
DA:23,0
DA:25,1
DA:26,1
DA:31,0
DA:34,0
DA:37,5
DA:40,4
LF:17
LH:12
BRDA:8,0,0,0
BRDA:8,0,1,4
BRDA:8,1,0,4
BRDA:8,1,1,4
BRDA:16,2,0,1
BRDA:20,3,0,0
BRDA:20,3,1,1
BRDA:21,4,0,1
BRDA:21,4,1,0
BRDA:22,5,0,0
BRDA:22,5,1,1
BRDA:25,6,0,1
BRDA:25,6,1,0
BRDA:37,7,0,1
BRDA:37,7,1,4
BRF:15
BRH:10
end_of_record
